<?xml version="1.0" encoding="UTF-8"?>
<testng-results skipped="0" failed="0" ignored="0" total="1" passed="1">
  <reporter-output>
    <line>
      <![CDATA[About to begin executing Suite Default suite]]>
    </line>
    <line>
      <![CDATA[About to begin executing Test Default test]]>
    </line>
    <line>
      <![CDATA[About to begin executing following method : TestListener.beforeMethod]]>
    </line>
    <line>
      <![CDATA[Completed executing following method : TestListener.beforeMethod]]>
    </line>
    <line>
      <![CDATA[About to begin executing following method : TestListener.main]]>
    </line>
    <line>
      <![CDATA[Completed executing following method : TestListener.main]]>
    </line>
    <line>
      <![CDATA[Test Method resides in com.customlistener.zhao.listenerUsage.TestListener]]>
    </line>
    <line>
      <![CDATA[Test Status: Pass]]>
    </line>
    <line>
      <![CDATA[About to begin executing following method : TestListener.afterMethod]]>
    </line>
    <line>
      <![CDATA[Completed executing following method : TestListener.afterMethod]]>
    </line>
  </reporter-output>
  <suite name="Default suite" duration-ms="47" started-at="2018-08-24T08:18:19Z" finished-at="2018-08-24T08:18:19Z">
    <groups>
    </groups>
    <test name="Default test" duration-ms="47" started-at="2018-08-24T08:18:19Z" finished-at="2018-08-24T08:18:19Z">
      <class name="com.customlistener.zhao.listenerUsage.TestListener">
        <test-method status="PASS" signature="main()[pri:0, instance:com.customlistener.zhao.listenerUsage.TestListener@1933fd1]" name="main" duration-ms="0" started-at="2018-08-24T08:18:19Z" finished-at="2018-08-24T08:18:19Z">
          <reporter-output>
            <line>
              <![CDATA[About to begin executing following method : TestListener.main]]>
            </line>
            <line>
              <![CDATA[Completed executing following method : TestListener.main]]>
            </line>
            <line>
              <![CDATA[Test Method resides in com.customlistener.zhao.listenerUsage.TestListener]]>
            </line>
            <line>
              <![CDATA[Test Status: Pass]]>
            </line>
            <line>
              <![CDATA[About to begin executing following method : TestListener.afterMethod]]>
            </line>
          </reporter-output>
        </test-method> <!-- main -->
        <test-method status="PASS" signature="beforeMethod()[pri:0, instance:com.customlistener.zhao.listenerUsage.TestListener@1933fd1]" name="beforeMethod" is-config="true" duration-ms="0" started-at="2018-08-24T08:18:19Z" finished-at="2018-08-24T08:18:19Z">
          <reporter-output>
            <line>
              <![CDATA[Completed executing following method : TestListener.beforeMethod]]>
            </line>
          </reporter-output>
        </test-method> <!-- beforeMethod -->
        <test-method status="PASS" signature="afterMethod()[pri:0, instance:com.customlistener.zhao.listenerUsage.TestListener@1933fd1]" name="afterMethod" is-config="true" duration-ms="0" started-at="2018-08-24T08:18:19Z" finished-at="2018-08-24T08:18:19Z">
          <reporter-output>
            <line>
              <![CDATA[Completed executing following method : TestListener.afterMethod]]>
            </line>
          </reporter-output>
        </test-method> <!-- afterMethod -->
      </class> <!-- com.customlistener.zhao.listenerUsage.TestListener -->
    </test> <!-- Default test -->
  </suite> <!-- Default suite -->
</testng-results>
