<?xml version="1.0" encoding="UTF-8"?>
<!-- Generated by org.testng.reporters.JUnitXMLReporter -->
<testsuite hostname="CN-00000778" ignored="0" name="ListenerUsage" tests="2" failures="0" timestamp="24 Aug 2018 07:57:19 GMT" time="0.021" errors="0">
  <testcase name="templistener1" time="0.0" classname="com.customlistener.zhao.listenerUsage.listenerTest"/>
  <testcase name="templistener2" time="0.0" classname="com.customlistener.zhao.listenerUsage.listenerTest"/>
</testsuite> <!-- ListenerUsage -->
